#
# There is insufficient memory for the Java Runtime Environment to continue.
# Native memory allocation (mmap) failed to map 134217728 bytes for Failed to commit area from 0x0000000081c00000 to 0x0000000089c00000 of length 134217728.
# Possible reasons:
#   The system is out of physical RAM or swap space
#   The process is running with CompressedOops enabled, and the Java Heap may be blocking the growth of the native heap
# Possible solutions:
#   Reduce memory load on the system
#   Increase physical memory or swap space
#   Check if swap backing store is full
#   Decrease Java heap size (-Xmx/-Xms)
#   Decrease number of Java threads
#   Decrease Java thread stack sizes (-Xss)
#   Set larger code cache with -XX:ReservedCodeCacheSize=
# This output file may be truncated or incomplete.
#
#  Out of Memory Error (./src/hotspot/os/windows/os_windows.cpp:3301), pid=7928, tid=14132
#
# JRE version:  (11.0.11+9) (build )
# Java VM: OpenJDK 64-Bit Server VM (11.0.11+9-b1341.60, mixed mode, sharing, tiered, compressed oops, g1 gc, windows-amd64)
# No core dump will be written. Minidumps are not enabled by default on client versions of Windows
#

---------------  S U M M A R Y ------------

Command Line: com.intellij.util.ReadEnv C:\Users\melan\AppData\Local\Temp\intellij-cmd-env.9278358556483018301.tmp

Host: Intel(R) Core(TM) i5-7200U CPU @ 2.50GHz, 4 cores, 7G,  Windows 10 , 64 bit Build 19041 (10.0.19041.1023)
Time: Fri Jul  9 13:49:09 2021 Hora de Verão de GMT elapsed time: 0.039870 seconds (0d 0h 0m 0s)

---------------  T H R E A D  ---------------

Current thread (0x000002189e7ee800):  JavaThread "Unknown thread" [_thread_in_vm, id=14132, stack(0x00000046c3400000,0x00000046c3500000)]

Stack: [0x00000046c3400000,0x00000046c3500000]
Native frames: (J=compiled Java code, j=interpreted, Vv=VM code, C=native code)
V  [jvm.dll+0x5f5c8a]
V  [jvm.dll+0x779405]
V  [jvm.dll+0x77aa1d]
V  [jvm.dll+0x77b0d3]
V  [jvm.dll+0x244bc8]
V  [jvm.dll+0x5f3084]
V  [jvm.dll+0x5e7fe5]
V  [jvm.dll+0x30098b]
V  [jvm.dll+0x3008fa]
V  [jvm.dll+0x3007d2]
V  [jvm.dll+0x3056b6]
V  [jvm.dll+0x34e353]
V  [jvm.dll+0x34ea56]
V  [jvm.dll+0x34e453]
V  [jvm.dll+0x2db398]
V  [jvm.dll+0x2dc547]
V  [jvm.dll+0x757bf7]
V  [jvm.dll+0x7593ec]
V  [jvm.dll+0x35b8d9]
V  [jvm.dll+0x73b38e]
V  [jvm.dll+0x3c3cc3]
V  [jvm.dll+0x3c60e1]
C  [jli.dll+0x5373]
C  [ucrtbase.dll+0x21bb2]
C  [KERNEL32.DLL+0x17034]
C  [ntdll.dll+0x52651]


---------------  P R O C E S S  ---------------

Threads class SMR info:
_java_thread_list=0x000002189e689ae0, length=0, elements={
}

Java Threads: ( => current thread )

Other Threads:
  0x000002189e806000 GCTaskThread "GC Thread#0" [stack: 0x00000046c3600000,0x00000046c3700000] [id=3392]
  0x000002189e835000 ConcurrentGCThread "G1 Main Marker" [stack: 0x00000046c3700000,0x00000046c3800000] [id=13200]
  0x000002189e837800 ConcurrentGCThread "G1 Conc#0" [stack: 0x00000046c3800000,0x00000046c3900000] [id=11616]

[error occurred during error reporting (printing all threads), id 0xc0000005, EXCEPTION_ACCESS_VIOLATION (0xc0000005) at pc=0x00007ffdf03cb9f7]

VM state:not at safepoint (not fully initialized)

VM Mutex/Monitor currently owned by a thread:  ([mutex/lock_event])
[0x000002189e7ea1f0] Heap_lock - owner thread: 0x000002189e7ee800

Heap address: 0x0000000081c00000, size: 2020 MB, Compressed Oops mode: Non-zero based: 0x0000000081c00000
Narrow klass base: 0x0000000000000000, Narrow klass shift: 0

GC Heap History (0 events):
No events

Deoptimization events (0 events):
No events

Classes redefined (0 events):
No events

Internal exceptions (0 events):
No events

Events (1 events):
Event: 0.025 Loaded shared library C:\Program Files\JetBrains\PyCharm 2020.3.3\jbr\bin\zip.dll


Dynamic libraries:
0x00007ff6479a0000 - 0x00007ff6479aa000 	C:\Program Files\JetBrains\PyCharm 2020.3.3\jbr\bin\java.exe
0x00007ffe45db0000 - 0x00007ffe45fa5000 	C:\WINDOWS\SYSTEM32\ntdll.dll
0x00007ffe455e0000 - 0x00007ffe4569d000 	C:\WINDOWS\System32\KERNEL32.DLL
0x00007ffe43590000 - 0x00007ffe43859000 	C:\WINDOWS\System32\KERNELBASE.dll
0x00007ffe40d40000 - 0x00007ffe40dd0000 	C:\WINDOWS\SYSTEM32\apphelp.dll
0x00007ffe43860000 - 0x00007ffe43960000 	C:\WINDOWS\System32\ucrtbase.dll
0x00007ffe139a0000 - 0x00007ffe139b9000 	C:\Program Files\JetBrains\PyCharm 2020.3.3\jbr\bin\jli.dll
0x00007ffe45440000 - 0x00007ffe455e0000 	C:\WINDOWS\System32\USER32.dll
0x00007ffe43b70000 - 0x00007ffe43b92000 	C:\WINDOWS\System32\win32u.dll
0x00007ffe45990000 - 0x00007ffe459ba000 	C:\WINDOWS\System32\GDI32.dll
0x00007ffe43c20000 - 0x00007ffe43d2b000 	C:\WINDOWS\System32\gdi32full.dll
0x00007ffe434f0000 - 0x00007ffe4358d000 	C:\WINDOWS\System32\msvcp_win.dll
0x00007ffe13910000 - 0x00007ffe13927000 	C:\Program Files\JetBrains\PyCharm 2020.3.3\jbr\bin\VCRUNTIME140.dll
0x00007ffe2d130000 - 0x00007ffe2d3ca000 	C:\WINDOWS\WinSxS\amd64_microsoft.windows.common-controls_6595b64144ccf1df_6.0.19041.1083_none_60bbe31371f34e71\COMCTL32.dll
0x00007ffe43ed0000 - 0x00007ffe43f6e000 	C:\WINDOWS\System32\msvcrt.dll
0x00007ffe45960000 - 0x00007ffe45990000 	C:\WINDOWS\System32\IMM32.DLL
0x00007ffe0ff70000 - 0x00007ffe1000d000 	C:\Program Files\JetBrains\PyCharm 2020.3.3\jbr\bin\msvcp140.dll
0x00007ffdf00e0000 - 0x00007ffdf0c29000 	C:\Program Files\JetBrains\PyCharm 2020.3.3\jbr\bin\server\jvm.dll
0x00007ffe44030000 - 0x00007ffe440dc000 	C:\WINDOWS\System32\ADVAPI32.dll
0x00007ffe45b90000 - 0x00007ffe45c2b000 	C:\WINDOWS\System32\sechost.dll
0x00007ffe45710000 - 0x00007ffe4583a000 	C:\WINDOWS\System32\RPCRT4.dll
0x00007ffe44020000 - 0x00007ffe44028000 	C:\WINDOWS\System32\PSAPI.DLL
0x00007ffde8bb0000 - 0x00007ffde8bb9000 	C:\WINDOWS\SYSTEM32\WSOCK32.dll
0x00007ffe456a0000 - 0x00007ffe4570b000 	C:\WINDOWS\System32\WS2_32.dll
0x00007ffe37040000 - 0x00007ffe37067000 	C:\WINDOWS\SYSTEM32\WINMM.dll
0x00007ffe3d4e0000 - 0x00007ffe3d4ea000 	C:\WINDOWS\SYSTEM32\VERSION.dll
0x00007ffe413e0000 - 0x00007ffe413f2000 	C:\WINDOWS\SYSTEM32\kernel.appcore.dll
0x00007ffe3e350000 - 0x00007ffe3e361000 	C:\Program Files\JetBrains\PyCharm 2020.3.3\jbr\bin\verify.dll
0x00007ffe3b810000 - 0x00007ffe3b9f4000 	C:\WINDOWS\SYSTEM32\DBGHELP.DLL
0x00007ffe3b630000 - 0x00007ffe3b65c000 	C:\WINDOWS\SYSTEM32\dbgcore.DLL
0x00007ffe43d30000 - 0x00007ffe43db3000 	C:\WINDOWS\System32\bcryptPrimitives.dll
0x00007ffe1b1c0000 - 0x00007ffe1b1e9000 	C:\Program Files\JetBrains\PyCharm 2020.3.3\jbr\bin\java.dll
0x00007ffe3bc60000 - 0x00007ffe3bc6b000 	C:\Program Files\JetBrains\PyCharm 2020.3.3\jbr\bin\jimage.dll
0x00007ffe1a360000 - 0x00007ffe1a378000 	C:\Program Files\JetBrains\PyCharm 2020.3.3\jbr\bin\zip.dll

dbghelp: loaded successfully - version: 4.0.5 - missing functions: none
symbol engine: initialized successfully - sym options: 0x614 - pdb path: .;C:\Program Files\JetBrains\PyCharm 2020.3.3\jbr\bin;C:\WINDOWS\SYSTEM32;C:\WINDOWS\WinSxS\amd64_microsoft.windows.common-controls_6595b64144ccf1df_6.0.19041.1083_none_60bbe31371f34e71;C:\Program Files\JetBrains\PyCharm 2020.3.3\jbr\bin\server

VM Arguments:
java_command: com.intellij.util.ReadEnv C:\Users\melan\AppData\Local\Temp\intellij-cmd-env.9278358556483018301.tmp
java_class_path (initial): C:\Program Files\JetBrains\PyCharm 2020.3.3\lib\util.jar
Launcher Type: SUN_STANDARD

[Global flags]
     intx CICompilerCount                          = 3                                         {product} {ergonomic}
     uint ConcGCThreads                            = 1                                         {product} {ergonomic}
     uint G1ConcRefinementThreads                  = 4                                         {product} {ergonomic}
   size_t G1HeapRegionSize                         = 1048576                                   {product} {ergonomic}
    uintx GCDrainStackTargetSize                   = 64                                        {product} {ergonomic}
   size_t InitialHeapSize                          = 134217728                                 {product} {ergonomic}
   size_t MarkStackSize                            = 4194304                                   {product} {ergonomic}
   size_t MaxHeapSize                              = 2118123520                                {product} {ergonomic}
   size_t MinHeapDeltaBytes                        = 1048576                                   {product} {ergonomic}
    uintx NonNMethodCodeHeapSize                   = 5830732                                {pd product} {ergonomic}
    uintx NonProfiledCodeHeapSize                  = 122913754                              {pd product} {ergonomic}
    uintx ProfiledCodeHeapSize                     = 122913754                              {pd product} {ergonomic}
    uintx ReservedCodeCacheSize                    = 251658240                              {pd product} {ergonomic}
     bool SegmentedCodeCache                       = true                                      {product} {ergonomic}
     bool UseCompressedClassPointers               = true                                 {lp64_product} {ergonomic}
     bool UseCompressedOops                        = true                                 {lp64_product} {ergonomic}
     bool UseG1GC                                  = true                                      {product} {ergonomic}
     bool UseLargePagesIndividualAllocation        = false                                  {pd product} {ergonomic}

Logging:
Log output configuration:
 #0: stdout all=warning uptime,level,tags
 #1: stderr all=off uptime,level,tags

Environment Variables:
PATH=C:\Users\melan\PycharmProjects\Hangman\.idea\VirtualEnvironment\Scripts;C:\Program Files (x86)\Microsoft SDKs\Azure\CLI2\wbin;C:\Program Files\Rockwell Software\RSCommon;C:\Windows\system32;C:\Windows;C:\Windows\System32\Wbem;C:\Windows\System32\WindowsPowerShell\v1.0\;C:\Windows\System32\OpenSSH\;C:\Program Files (x86)\NVIDIA Corporation\PhysX\Common;C:\WINDOWS\system32;C:\WINDOWS;C:\WINDOWS\System32\Wbem;C:\WINDOWS\System32\WindowsPowerShell\v1.0\;C:\WINDOWS\System32\OpenSSH\;C:\Users\melan\AppData\Local\Microsoft\WindowsApps;C:\adb;C:\WINDOWS\system32;C:\WINDOWS;C:\WINDOWS\System32\Wbem;C:\WINDOWS\System32\WindowsPowerShell\v1.0\;C:\WINDOWS\System32\OpenSSH\;C:\Program Files\CMake\bin;C:\ProgramData\chocolatey\bin;C:\Program Files\Git\cmd;C:\Program Files\Microsoft SQL Server\Client SDK\ODBC\170\Tools\Binn\;C:\Program Files (x86)\Microsoft SQL Server\150\Tools\Binn\;C:\Program Files\Microsoft SQL Server\150\Tools\Binn\;C:\Program Files\Microsoft SQL Server\150\DTS\Binn\;C:\Program Files (x86)\Microsoft SQL Server\150\DTS\Binn\;C:\Program Files\Azure Data Studio\bin;C:\Program Files\Microsoft SQL Server\130\Tools\Binn\;C:\Program Files\dotnet\;C:\Users\melan\AppData\Roaming\local\bin;C:\Users\melan\AppData\Local\Microsoft\WindowsApps;C:\Users\melan\AppData\Local\Microsoft\WindowsApps;C:\MinGW\bin;C:\Users\melan\AppData\Roaming\cabal\bin;C:\ProgramData\chocolatey\lib\ghc\tools\ghc-8.10.4\bin;C:\tools\msys64;C:\Users\melan\AppData\Local\Programs\Microsoft VS Code\bin;C:\Program Files\mingw-w64\x86_64-7.3.0-posix-seh-rt_v5-rev0\mingw64\bin;C:\Program Files\CMake\bin;C:\opencv\build\install\x64\mingw\bin;C:\tools\neovim\Neovim\bin;C:\Users\melan\AppData\Local\Packages\PythonSoftwareFoundation.Python.3.9_qbz5n2kfra8p0\LocalCache\local-packages\Python39\Scripts;;C:\Program Files\Azure Data Studio\bin;C:\Users\melan\.dotnet\tools
USERNAME=mel
OS=Windows_NT
PROCESSOR_IDENTIFIER=Intel64 Family 6 Model 142 Stepping 9, GenuineIntel



---------------  S Y S T E M  ---------------

OS: Windows 10 , 64 bit Build 19041 (10.0.19041.1023)
OS uptime: 2 days 3:05 hours
Hyper-V role detected

CPU:total 4 (initial active 4) (2 cores per cpu, 2 threads per core) family 6 model 142 stepping 9 microcode 0xde, cmov, cx8, fxsr, mmx, sse, sse2, sse3, ssse3, sse4.1, sse4.2, popcnt, avx, avx2, aes, clmul, erms, 3dnowpref, lzcnt, ht, tsc, tscinvbit, bmi1, bmi2, adx, fma

Memory: 4k page, system-wide physical 8077M (1441M free)
TotalPageFile size 9101M (AvailPageFile size 10M)
current process WorkingSet (physical memory assigned to process): 10M, peak: 10M
current process commit charge ("private bytes"): 51M, peak: 179M

vm_info: OpenJDK 64-Bit Server VM (11.0.11+9-b1341.60) for windows-amd64 JRE (11.0.11+9-b1341.60), built on Jun  4 2021 08:17:54 by "" with MS VC++ 14.0 (VS2015)

END.
